2025-10-13 15:11:56,168 [INFO] 日志系统初始化完成
2025-10-13 15:12:00,725 [INFO] 已加载模板文件：E:\Python\KingSCADA_Tag\tag_config\siemens\udt_morot.json
2025-10-13 15:12:24,862 [INFO] 成功加载 CSV：E:/Python/KingSCADA_Tag/input_data/sample.csv，共 13 行
2025-10-13 15:12:28,763 [INFO] 成功生成点表文件：E:\Python\KingSCADA_Tag\output\generated_tags.csv（共 377 行）
2025-10-13 15:16:47,688 [INFO] 日志系统初始化完成
2025-10-13 15:16:51,973 [INFO] 已加载模板文件：E:\Python\KingSCADA_Tag\tag_config\siemens\udt_morot.json
2025-10-13 15:17:17,719 [INFO] 成功加载 CSV：E:/Python/KingSCADA_Tag/input_data/sample.csv，共 13 行
2025-10-13 15:17:19,411 [INFO] 成功生成点表文件：E:\Python\KingSCADA_Tag\output\generated_tags.csv（共 377 行）
2025-10-13 15:19:39,573 [INFO] 日志系统初始化完成
2025-10-13 15:19:43,292 [INFO] 已加载模板文件：E:\Python\KingSCADA_Tag\tag_config\siemens\udt_morot.json
2025-10-13 15:20:33,319 [INFO] 已加载模板文件：E:\Python\KingSCADA_Tag\tag_config\siemens\udt_morot.json
2025-10-13 15:21:10,438 [INFO] 成功加载 CSV：E:/Python/KingSCADA_Tag/input_data/sample.csv，共 13 行
2025-10-13 15:21:57,948 [INFO] 日志系统初始化完成
2025-10-13 15:22:01,339 [INFO] 已加载模板文件：E:\Python\KingSCADA_Tag\tag_config\siemens\udt_morot.json
2025-10-13 15:22:24,391 [INFO] 成功加载 CSV：E:/Python/KingSCADA_Tag/input_data/sample.csv，共 13 行
2025-10-13 15:28:57,510 [INFO] 日志系统初始化完成
2025-10-13 15:28:57,510 [INFO] KingSCADA 点表生成工具启动
2025-10-13 15:28:57,561 [WARNING] tag_config 目录不存在，已创建：E:\Python\KingSCADA_Tag\code\tag_config
2025-10-13 15:30:14,364 [INFO] 日志系统初始化完成
2025-10-13 15:30:14,365 [INFO] KingSCADA 点表生成工具启动
2025-10-13 15:41:44,857 [INFO] 日志系统初始化完成
2025-10-13 15:41:44,857 [INFO] KingSCADA 点表生成工具启动
2025-10-13 15:42:12,562 [INFO] 加载 CSV 文件：E:/Python/KingSCADA_Tag/input_data/sample.csv
2025-10-13 15:42:12,564 [INFO] CSV加载完成，共 13 行
2025-10-13 15:49:18,794 [INFO] 程序退出
2025-10-13 15:49:35,519 [INFO] 日志系统初始化完成
2025-10-13 15:49:35,520 [INFO] KingSCADA 点表生成工具启动
2025-10-13 15:51:32,676 [INFO] 日志系统初始化完成
2025-10-13 15:51:32,677 [INFO] KingSCADA 点表生成工具启动
2025-10-13 15:51:46,732 [INFO] 程序退出
2025-10-13 15:51:54,486 [INFO] 日志系统初始化完成
2025-10-13 15:51:54,487 [INFO] KingSCADA 点表生成工具启动
2025-10-13 15:51:59,004 [INFO] 程序退出
2025-10-13 15:55:01,157 [INFO] 日志系统初始化完成
2025-10-13 15:55:01,158 [INFO] KingSCADA 点表生成工具启动
2025-10-13 15:57:18,288 [INFO] 日志系统初始化完成
2025-10-13 15:57:22,500 [INFO] 已加载模板文件：E:\Python\KingSCADA_Tag\tag_config\siemens\udt_morot.json
2025-10-13 15:57:55,305 [INFO] 日志系统初始化完成
2025-10-13 15:57:58,388 [INFO] 已加载模板文件：E:\Python\KingSCADA_Tag\tag_config\siemens\udt_morot.json
2025-10-13 15:58:20,718 [INFO] 成功加载 CSV：E:/Python/KingSCADA_Tag/input_data/sample.csv，共 13 行
2025-10-13 15:58:23,398 [INFO] 成功生成点表文件：E:\Python\KingSCADA_Tag\output\generated_tags.csv（共 377 行）
2025-10-13 16:03:36,943 [INFO] 日志系统初始化完成
2025-10-13 16:03:40,157 [INFO] 已加载模板文件：E:\Python\KingSCADA_Tag\tag_config\siemens\udt_valve.json
2025-10-13 16:14:16,612 [INFO] 日志系统初始化完成
2025-10-13 16:14:50,166 [INFO] 日志系统初始化完成
2025-10-13 16:14:56,694 [INFO] 已加载模板文件：E:\Python\KingSCADA_Tag\tag_config\siemens\udt_pid.json
2025-10-13 16:14:57,660 [INFO] 已加载模板文件：E:\Python\KingSCADA_Tag\tag_config\siemens\udt_morot.json
2025-10-13 16:16:51,164 [INFO] 日志系统初始化完成
2025-10-13 16:16:56,576 [INFO] 已加载模板文件：E:\Python\KingSCADA_Tag\tag_config\siemens\udt_morot.json
2025-10-13 16:16:58,330 [INFO] 已加载模板文件：E:\Python\KingSCADA_Tag\tag_config\siemens\udt_pid.json
2025-10-13 16:17:29,078 [INFO] 成功加载 CSV：E:/Python/KingSCADA_Tag/input_data/sample.csv，共 13 行
2025-10-13 16:18:06,021 [INFO] 已加载模板文件：E:\Python\KingSCADA_Tag\tag_config\siemens\udt_valve.json
2025-10-13 16:19:37,901 [INFO] 成功生成点表文件：E:\Python\KingSCADA_Tag\output\generated_tags.csv（共 299 行）
2025-10-13 16:19:43,180 [INFO] 已加载模板文件：E:\Python\KingSCADA_Tag\tag_config\siemens\udt_morot.json
2025-10-13 16:19:44,214 [INFO] 已加载模板文件：E:\Python\KingSCADA_Tag\tag_config\siemens\udt_pid.json
2025-10-13 16:19:45,144 [INFO] 已加载模板文件：E:\Python\KingSCADA_Tag\tag_config\siemens\udt_valve.json
2025-10-13 16:33:54,992 [INFO] 日志系统初始化完成
2025-10-13 16:36:23,758 [INFO] 日志系统初始化完成
2025-10-13 16:44:33,611 [INFO] 已加载模板文件：E:\Python\KingSCADA_Tag\tag_config\siemens\udt_pid.json
2025-10-13 16:45:03,950 [INFO] 日志系统初始化完成
2025-10-13 19:18:55,037 [INFO] 日志系统初始化完成
2025-10-13 19:19:11,498 [INFO] 已加载模板文件：E:\Git\KingSCADA_Tag\tag_config\siemens\udt_morot.json
2025-10-13 19:19:32,484 [INFO] 已加载模板文件：E:\Git\KingSCADA_Tag\tag_config\siemens\udt_pid.json
2025-10-13 19:55:01,403 [INFO] 日志系统初始化完成
2025-10-13 19:55:41,336 [INFO] 日志系统初始化完成
2025-10-13 20:00:38,914 [INFO] 日志系统初始化完成
2025-10-13 20:03:55,365 [INFO] 日志系统初始化完成
2025-10-13 20:05:26,523 [INFO] 日志系统初始化完成
2025-10-13 20:07:58,862 [INFO] 日志系统初始化完成
2025-10-13 20:08:09,474 [INFO] 日志系统初始化完成
2025-10-13 20:11:49,241 [INFO] 日志系统初始化完成
2025-10-13 20:14:04,447 [INFO] 日志系统初始化完成
2025-10-13 20:14:43,449 [INFO] 已加载模板文件：E:\Git\KingSCADA_Tag\tag_config\siemens\udt_morot.json
2025-10-13 20:14:46,499 [INFO] 已加载模板文件：E:\Git\KingSCADA_Tag\tag_config\siemens\udt_pid.json
2025-10-13 20:16:43,805 [INFO] 日志系统初始化完成
2025-10-13 20:17:08,050 [INFO] 已加载模板文件：E:\Git\KingSCADA_Tag\tag_config\siemens\udt_morot.json
2025-10-13 20:18:36,374 [INFO] 日志系统初始化完成
2025-10-13 20:18:43,180 [INFO] 已加载模板文件：E:\Git\KingSCADA_Tag\tag_config\siemens\udt_morot.json
2025-10-13 20:19:05,579 [INFO] 已加载模板文件：E:\Git\KingSCADA_Tag\tag_config\siemens\udt_pid.json
2025-10-13 20:19:15,119 [INFO] 已加载模板文件：E:\Git\KingSCADA_Tag\tag_config\siemens\udt_valve.json
2025-10-13 20:19:22,475 [INFO] 已加载模板文件：E:\Git\KingSCADA_Tag\tag_config\siemens\udt_morot.json
2025-10-13 20:19:26,830 [INFO] 日志系统初始化完成
2025-10-13 20:19:37,342 [INFO] 已加载模板文件：E:\Git\KingSCADA_Tag\tag_config\siemens\udt_morot.json
2025-10-13 20:19:42,359 [INFO] 已加载模板文件：E:\Git\KingSCADA_Tag\tag_config\siemens\udt_pid.json
2025-10-13 20:19:43,248 [INFO] 已加载模板文件：E:\Git\KingSCADA_Tag\tag_config\siemens\udt_morot.json
2025-10-13 20:19:47,974 [INFO] 日志系统初始化完成
2025-10-13 20:20:23,124 [INFO] 日志系统初始化完成
2025-10-13 20:21:08,346 [INFO] 日志系统初始化完成
2025-10-13 20:22:34,213 [INFO] 日志系统初始化完成
2025-10-13 20:23:44,401 [INFO] 日志系统初始化完成
2025-10-13 20:25:30,278 [INFO] 已加载模板文件：E:\Git\KingSCADA_Tag\tag_config\siemens\udt_morot.json
2025-10-13 20:25:46,415 [INFO] 日志系统初始化完成
2025-10-13 20:25:56,016 [INFO] 日志系统初始化完成
2025-10-13 20:26:08,715 [INFO] 日志系统初始化完成
2025-10-13 20:26:29,580 [INFO] 日志系统初始化完成
2025-10-13 20:26:56,924 [INFO] 日志系统初始化完成
2025-10-13 20:27:23,820 [INFO] 日志系统初始化完成
2025-10-13 20:29:18,477 [INFO] 日志系统初始化完成
2025-10-13 20:31:26,423 [INFO] 日志系统初始化完成
2025-10-13 20:38:04,273 [INFO] 日志系统初始化完成
2025-10-13 20:39:22,181 [INFO] 日志系统初始化完成
2025-10-13 20:39:27,417 [INFO] 日志系统初始化完成
2025-10-13 20:39:48,649 [INFO] 日志系统初始化完成
2025-10-13 20:44:32,413 [INFO] 日志系统初始化完成
2025-10-13 20:44:59,905 [INFO] 日志系统初始化完成
2025-10-13 20:46:15,418 [INFO] 日志系统初始化完成
2025-10-13 20:46:51,297 [INFO] 日志系统初始化完成
2025-10-13 20:48:52,614 [INFO] 日志系统初始化完成
2025-10-13 20:49:34,239 [INFO] 日志系统初始化完成
2025-10-13 20:49:59,464 [INFO] 日志系统初始化完成
2025-10-13 20:50:26,477 [INFO] 日志系统初始化完成
